<?xml version="1.0" encoding="UTF-8"?>
<configuration>
    <property name="LOG_FILE" value="logs/app.log"/>
    <include resource="org/springframework/boot/logging/logback/defaults.xml"/>

    <appender name="Console" class="ch.qos.logback.core.ConsoleAppender">
        <encoder class="net.logstash.logback.encoder.LogstashEncoder"/>
    </appender>

    <appender name="RollingFile" class="ch.qos.logback.core.rolling.RollingFileAppender">
        <file>${LOG_FILE}</file>
        <encoder class="net.logstash.logback.encoder.LogstashEncoder"/>
        <rollingPolicy class="ch.qos.logback.core.rolling.TimeBasedRollingPolicy">
            <fileNamePattern>${LOG_FILE}.%d{yyyy-MM-dd}.gz</fileNamePattern>
            <maxHistory>7</maxHistory>
        </rollingPolicy>
    </appender>

    <root level="INFO">
        <appender-ref ref="Console"/>
        <appender-ref ref="RollingFile"/>
    </root>

    <logger name="com.example" level="DEBUG"/>
</configuration>